<?xml version="1.0" encoding="UTF-8"?>
<!-- Generated by org.testng.reporters.JUnitXMLReporter -->
<testsuite ignored="0" hostname="ELW5123" failures="2" tests="6" name="Test" time="17.074" errors="0" timestamp="2022-09-28T15:16:34 IST">
  <testcase classname="testngexamples.HrmApplication" name="login" time="4.464"/>
  <testcase classname="testngexamples.HrmApplication" name="testCase2" time="4.089"/>
  <testcase classname="testngexamples.Facebook" name="login" time="3.181"/>
  <testcase classname="testngexamples.Facebook" name="testCase2" time="0.002">
    <failure type="java.lang.NullPointerException" message="Cannot invoke &amp;quot;org.openqa.selenium.WebDriver.findElement(org.openqa.selenium.By)&amp;quot; because &amp;quot;this.driver&amp;quot; is null">
      <![CDATA[java.lang.NullPointerException: Cannot invoke "org.openqa.selenium.WebDriver.findElement(org.openqa.selenium.By)" because "this.driver" is null
at testngexamples.Facebook.testCase2(Facebook.java:27)
at java.base/java.util.ArrayList.forEach(ArrayList.java:1511)
... Removed 27 stack frames]]>
    </failure>
  </testcase> <!-- testCase2 -->
  <testcase classname="testngexamples.HrmForgotPass" name="login" time="5.292"/>
  <testcase classname="testngexamples.HrmForgotPass" name="testCase2" time="0.001">
    <failure type="java.lang.NullPointerException" message="Cannot invoke &amp;quot;org.openqa.selenium.WebDriver.findElement(org.openqa.selenium.By)&amp;quot; because &amp;quot;this.driver&amp;quot; is null">
      <![CDATA[java.lang.NullPointerException: Cannot invoke "org.openqa.selenium.WebDriver.findElement(org.openqa.selenium.By)" because "this.driver" is null
at testngexamples.HrmForgotPass.testCase2(HrmForgotPass.java:26)
at java.base/java.util.ArrayList.forEach(ArrayList.java:1511)
... Removed 27 stack frames]]>
    </failure>
  </testcase> <!-- testCase2 -->
</testsuite> <!-- Test -->
